SF:D:\Tundrasoft\TundraLibs\oql\asserts\Aggregate\assertAggregate.ts
FN:27,assertAggregate
FNDA:22,assertAggregate
FNF:1
FNH:1
BRDA:32,1,0,19
BRDA:32,1,1,4
BRDA:34,1,2,3
BRDA:37,1,3,18
BRDA:42,1,4,2
BRDA:46,1,5,16
BRDA:49,1,6,1
BRDA:55,1,7,15
BRDA:68,1,8,2
BRDA:75,1,9,13
BRDA:79,1,10,3
BRDA:82,1,11,2
BRDA:83,1,12,3
BRDA:84,1,13,4
BRDA:85,1,14,5
BRDA:88,1,15,2
BRDA:91,1,16,1
BRDA:94,1,17,2
BRF:18
BRH:18
DA:2,1
DA:3,1
DA:4,1
DA:5,1
DA:6,1
DA:27,1
DA:28,1
DA:29,1
DA:32,23
DA:33,27
DA:34,27
DA:35,27
DA:37,27
DA:39,41
DA:42,23
DA:43,25
DA:44,25
DA:46,25
DA:49,23
DA:50,24
DA:51,24
DA:52,24
DA:53,24
DA:55,24
DA:57,38
DA:58,38
DA:59,38
DA:60,38
DA:61,38
DA:62,38
DA:63,38
DA:64,38
DA:65,38
DA:66,38
DA:68,23
DA:69,25
DA:70,25
DA:71,25
DA:72,25
DA:73,25
DA:75,25
DA:78,36
DA:79,23
DA:80,26
DA:81,26
DA:82,23
DA:83,23
DA:84,23
DA:85,23
DA:86,28
DA:87,28
DA:88,23
DA:89,25
DA:90,25
DA:91,23
DA:92,24
DA:93,24
DA:94,23
DA:95,25
DA:96,25
DA:97,23
DA:98,23
LH:62
LF:62
end_of_record
SF:D:\Tundrasoft\TundraLibs\oql\asserts\Aggregate\assertArrayAgg.ts
FN:24,assertArrayAgg
FNDA:21,assertArrayAgg
FNF:1
FNH:1
BRDA:32,1,0,20
BRDA:32,1,1,2
BRDA:36,1,2,19
BRDA:41,1,3,1
BRDA:45,1,4,18
BRDA:53,1,5,1
BRDA:60,1,6,17
BRDA:63,1,7,2
BRDA:65,1,8,1
BRDA:68,1,9,15
BRDA:70,1,10,14
BRDA:70,1,11,2
BRDA:75,1,12,13
BRDA:78,1,13,8
BRDA:81,1,14,1
BRDA:85,1,15,0
BRDA:89,1,16,5
BRDA:89,1,17,2
BRDA:94,1,18,3
BRDA:98,1,19,1
BRDA:102,1,20,0
BRDA:106,1,21,9
BRDA:109,1,22,3
BRDA:109,1,23,1
BRF:24
BRH:22
DA:1,1
DA:2,1
DA:24,1
DA:25,1
DA:26,1
DA:32,22
DA:33,24
DA:34,24
DA:36,24
DA:38,41
DA:41,22
DA:42,23
DA:43,23
DA:45,23
DA:48,200
DA:49,40
DA:50,40
DA:53,22
DA:54,23
DA:55,23
DA:56,23
DA:57,23
DA:58,23
DA:60,23
DA:63,22
DA:64,24
DA:65,24
DA:66,24
DA:68,24
DA:70,22
DA:71,24
DA:72,24
DA:73,24
DA:75,24
DA:78,22
DA:79,30
DA:80,30
DA:81,30
DA:82,0
DA:83,0
DA:84,0
DA:85,0
DA:86,0
DA:88,31
DA:89,22
DA:90,29
DA:91,29
DA:92,29
DA:94,27
DA:96,30
DA:97,30
DA:98,30
DA:99,0
DA:100,0
DA:101,0
DA:102,0
DA:103,0
DA:105,31
DA:106,30
DA:109,22
DA:110,23
DA:111,23
DA:112,23
DA:114,23
DA:115,22
LH:55
LF:65
end_of_record
SF:D:\Tundrasoft\TundraLibs\oql\asserts\Aggregate\assertCount.ts
FN:24,assertCount
FNDA:28,assertCount
FNF:1
FNH:1
BRDA:28,1,0,26
BRDA:28,1,1,3
BRDA:32,1,2,25
BRDA:37,1,3,1
BRDA:41,1,4,24
BRDA:49,1,5,2
BRDA:56,1,6,22
BRDA:59,1,7,19
BRDA:60,1,8,18
BRDA:60,1,9,2
BRDA:65,1,10,17
BRDA:68,1,11,11
BRDA:71,1,12,3
BRDA:73,1,13,2
BRDA:75,1,14,0
BRDA:79,1,15,6
BRDA:79,1,16,2
BRDA:84,1,17,4
BRDA:88,1,18,1
BRDA:92,1,19,0
BRDA:96,1,20,11
BRDA:99,1,21,4
BRDA:99,1,22,2
BRDA:105,1,23,3
BRDA:107,1,24,1
BRF:25
BRH:23
DA:1,1
DA:2,1
DA:24,1
DA:25,1
DA:26,1
DA:28,29
DA:29,32
DA:30,32
DA:32,32
DA:34,54
DA:37,29
DA:38,30
DA:39,30
DA:41,30
DA:44,265
DA:45,53
DA:46,53
DA:49,29
DA:50,31
DA:51,31
DA:52,31
DA:53,31
DA:54,31
DA:56,31
DA:59,29
DA:60,48
DA:61,50
DA:62,50
DA:63,50
DA:65,50
DA:68,48
DA:69,59
DA:70,59
DA:71,59
DA:72,0
DA:73,0
DA:74,0
DA:75,0
DA:76,0
DA:78,62
DA:79,48
DA:80,56
DA:81,56
DA:82,56
DA:84,54
DA:86,58
DA:87,58
DA:88,58
DA:89,0
DA:90,0
DA:91,0
DA:92,0
DA:93,0
DA:95,59
DA:96,58
DA:99,48
DA:100,50
DA:101,50
DA:102,50
DA:104,50
DA:105,29
DA:107,32
DA:108,33
DA:109,33
DA:110,33
DA:112,33
DA:113,32
DA:114,29
LH:58
LF:68
end_of_record
SF:D:\Tundrasoft\TundraLibs\oql\asserts\Aggregate\assertJsonRow.ts
FN:32,assertJsonRow
FNDA:25,assertJsonRow
FNF:1
FNH:1
BRDA:39,1,0,24
BRDA:39,1,1,2
BRDA:43,1,2,23
BRDA:48,1,3,1
BRDA:52,1,4,22
BRDA:60,1,5,1
BRDA:67,1,6,21
BRDA:70,1,7,2
BRDA:72,1,8,1
BRDA:75,1,9,19
BRDA:77,1,10,18
BRDA:77,1,11,2
BRDA:82,1,12,17
BRDA:85,1,13,16
BRDA:85,1,14,2
BRDA:90,1,15,15
BRDA:96,1,16,1
BRDA:101,1,17,14
BRDA:104,1,18,22
BRDA:105,1,19,21
BRDA:105,1,20,2
BRDA:110,1,21,20
BRDA:113,1,22,14
BRDA:116,1,23,2
BRDA:120,1,24,0
BRDA:124,1,25,6
BRDA:124,1,26,2
BRDA:129,1,27,4
BRDA:133,1,28,1
BRDA:137,1,29,0
BRDA:142,1,30,7
BRF:31
BRH:29
DA:1,1
DA:2,1
DA:32,1
DA:33,1
DA:34,1
DA:39,26
DA:40,28
DA:41,28
DA:43,28
DA:45,49
DA:48,26
DA:49,27
DA:50,27
DA:52,27
DA:55,192
DA:56,48
DA:57,48
DA:60,26
DA:61,27
DA:62,27
DA:63,27
DA:64,27
DA:65,27
DA:67,27
DA:70,26
DA:71,28
DA:72,28
DA:73,28
DA:75,28
DA:77,26
DA:78,28
DA:79,28
DA:80,28
DA:82,28
DA:85,26
DA:86,28
DA:87,28
DA:88,28
DA:90,28
DA:92,41
DA:95,41
DA:96,26
DA:97,27
DA:98,27
DA:99,27
DA:101,27
DA:104,26
DA:105,48
DA:106,50
DA:107,50
DA:108,50
DA:110,50
DA:113,48
DA:114,62
DA:115,62
DA:116,62
DA:117,0
DA:118,0
DA:119,0
DA:120,0
DA:121,0
DA:123,64
DA:124,48
DA:125,56
DA:126,56
DA:127,56
DA:129,54
DA:131,58
DA:132,58
DA:133,58
DA:134,0
DA:135,0
DA:136,0
DA:137,0
DA:138,0
DA:140,59
DA:141,58
DA:142,48
DA:143,26
LH:69
LF:79
end_of_record
SF:D:\Tundrasoft\TundraLibs\oql\asserts\Aggregate\assertNumericAggregate.ts
FN:26,assertNumericAggregate
FNDA:29,assertNumericAggregate
FNF:1
FNH:1
BRDA:34,1,0,28
BRDA:34,1,1,2
BRDA:38,1,2,27
BRDA:44,1,3,2
BRDA:51,1,4,25
BRDA:59,1,5,1
BRDA:66,1,6,24
BRDA:69,1,7,3
BRDA:71,1,8,2
BRDA:74,1,9,21
BRDA:76,1,10,20
BRDA:76,1,11,1
BRDA:81,1,12,20
BRDA:84,1,13,14
BRDA:87,1,14,1
BRDA:91,1,15,0
BRDA:95,1,16,6
BRDA:95,1,17,2
BRDA:100,1,18,4
BRDA:104,1,19,1
BRDA:108,1,20,0
BRDA:112,1,21,16
BRDA:115,1,22,3
BRDA:115,1,23,1
BRF:24
BRH:22
DA:1,1
DA:2,1
DA:26,1
DA:27,1
DA:28,1
DA:34,30
DA:35,32
DA:36,32
DA:38,32
DA:40,57
DA:43,342
DA:44,30
DA:45,32
DA:46,32
DA:47,32
DA:48,32
DA:49,32
DA:51,32
DA:54,275
DA:55,55
DA:56,55
DA:59,30
DA:60,31
DA:61,31
DA:62,31
DA:63,31
DA:64,31
DA:66,31
DA:69,30
DA:70,33
DA:71,33
DA:72,33
DA:74,33
DA:76,30
DA:77,31
DA:78,31
DA:79,31
DA:81,31
DA:84,30
DA:85,44
DA:86,44
DA:87,44
DA:88,0
DA:89,0
DA:90,0
DA:91,0
DA:92,0
DA:94,45
DA:95,30
DA:96,38
DA:97,38
DA:98,38
DA:100,36
DA:102,40
DA:103,40
DA:104,40
DA:105,0
DA:106,0
DA:107,0
DA:108,0
DA:109,0
DA:111,41
DA:112,40
DA:115,30
DA:116,31
DA:117,31
DA:118,31
DA:120,31
DA:121,30
LH:59
LF:69
end_of_record
SF:D:\Tundrasoft\TundraLibs\oql\asserts\Aggregate\assertStringAgg.ts
FN:26,assertStringAgg
FNDA:27,assertStringAgg
FNF:1
FNH:1
BRDA:35,1,0,26
BRDA:35,1,1,2
BRDA:39,1,2,25
BRDA:44,1,3,1
BRDA:49,1,4,24
BRDA:57,1,5,1
BRDA:64,1,6,23
BRDA:67,1,7,2
BRDA:69,1,8,1
BRDA:72,1,9,21
BRDA:74,1,10,20
BRDA:74,1,11,2
BRDA:79,1,12,19
BRDA:82,1,13,14
BRDA:85,1,14,1
BRDA:89,1,15,0
BRDA:93,1,16,5
BRDA:93,1,17,2
BRDA:98,1,18,3
BRDA:102,1,19,1
BRDA:106,1,20,0
BRDA:110,1,21,15
BRDA:113,1,22,9
BRDA:114,1,23,3
BRDA:120,1,24,12
BRDA:123,1,25,3
BRDA:123,1,26,1
BRF:27
BRH:25
DA:1,1
DA:2,1
DA:26,1
DA:27,1
DA:28,1
DA:35,28
DA:36,30
DA:37,30
DA:39,30
DA:41,53
DA:44,28
DA:45,29
DA:46,29
DA:47,29
DA:49,29
DA:52,312
DA:53,52
DA:54,52
DA:57,28
DA:58,29
DA:59,29
DA:60,29
DA:61,29
DA:62,29
DA:64,29
DA:67,28
DA:68,30
DA:69,30
DA:70,30
DA:72,30
DA:74,28
DA:75,30
DA:76,30
DA:77,30
DA:79,30
DA:82,28
DA:83,42
DA:84,42
DA:85,42
DA:86,0
DA:87,0
DA:88,0
DA:89,0
DA:90,0
DA:92,43
DA:93,28
DA:94,35
DA:95,35
DA:96,35
DA:98,33
DA:100,36
DA:101,36
DA:102,36
DA:103,0
DA:104,0
DA:105,0
DA:106,0
DA:107,0
DA:109,37
DA:110,36
DA:113,28
DA:114,37
DA:115,40
DA:116,40
DA:117,40
DA:119,40
DA:120,37
DA:123,28
DA:124,29
DA:125,29
DA:126,29
DA:128,29
DA:129,28
LH:63
LF:73
end_of_record
SF:D:\Tundrasoft\TundraLibs\oql\asserts\ColumnIdentifier.ts
FN:34,assertColumnIdentifier
FNDA:169,assertColumnIdentifier
FNF:1
FNH:1
BRDA:38,1,0,14
BRDA:40,1,1,13
BRDA:43,1,2,155
BRDA:48,1,3,194
BRDA:49,1,4,1
BRDA:54,1,5,193
BRDA:57,1,6,6
BRDA:59,1,7,5
BRDA:62,1,8,187
BRDA:67,1,9,3
BRDA:72,1,10,184
BRDA:76,1,11,5
BRDA:83,1,12,140
BRF:13
BRH:13
DA:34,3
DA:35,3
DA:36,3
DA:38,172
DA:39,186
DA:40,186
DA:41,186
DA:43,186
DA:46,327
DA:48,172
DA:49,366
DA:50,367
DA:51,367
DA:52,367
DA:54,367
DA:57,366
DA:58,372
DA:59,372
DA:60,372
DA:62,372
DA:65,553
DA:67,366
DA:68,369
DA:69,369
DA:70,369
DA:72,369
DA:75,550
DA:76,366
DA:77,371
DA:78,371
DA:79,371
DA:80,371
DA:82,371
DA:83,366
DA:84,172
LH:35
LF:35
end_of_record
SF:D:\Tundrasoft\TundraLibs\oql\asserts\Expression\assertArithmeticExpression.ts
FN:21,assertArithmeticExpression
FNDA:44,assertArithmeticExpression
FNF:1
FNH:1
BRDA:28,1,0,42
BRDA:28,1,1,3
BRDA:32,1,2,41
BRDA:38,1,3,1
BRDA:45,1,4,40
BRDA:53,1,5,1
BRDA:60,1,6,39
BRDA:63,1,7,3
BRDA:65,1,8,2
BRDA:68,1,9,36
BRDA:70,1,10,0
BRDA:75,1,11,36
BRDA:78,1,12,2
BRDA:83,1,13,34
BRDA:86,1,14,1
BRDA:91,1,15,33
BRDA:95,1,16,27
BRDA:95,1,17,11
BRDA:96,1,18,4
BRDA:101,1,19,29
BRDA:104,1,20,62
BRDA:107,1,21,0
BRDA:118,1,22,27
BRDA:119,1,23,21
BRDA:120,1,24,2
BRDA:122,1,25,1
BRDA:127,1,26,61
BRDA:130,1,27,19
BRDA:133,1,28,1
BRDA:137,1,29,0
BRDA:142,1,30,27
BRF:31
BRH:28
DA:1,2
DA:21,2
DA:22,2
DA:23,2
DA:28,46
DA:29,49
DA:30,49
DA:32,49
DA:34,87
DA:37,609
DA:38,46
DA:39,47
DA:40,47
DA:41,47
DA:42,47
DA:43,47
DA:45,47
DA:48,344
DA:49,86
DA:50,86
DA:53,46
DA:54,47
DA:55,47
DA:56,47
DA:57,47
DA:58,47
DA:60,47
DA:63,46
DA:64,49
DA:65,49
DA:66,49
DA:68,49
DA:70,0
DA:71,0
DA:72,0
DA:73,0
DA:75,0
DA:78,46
DA:79,48
DA:80,48
DA:81,48
DA:83,48
DA:86,46
DA:87,47
DA:88,47
DA:89,47
DA:91,47
DA:94,46
DA:95,46
DA:96,46
DA:97,50
DA:98,50
DA:99,50
DA:101,50
DA:104,46
DA:105,108
DA:107,0
DA:108,0
DA:109,0
DA:110,0
DA:112,0
DA:114,108
DA:117,108
DA:118,108
DA:119,108
DA:120,108
DA:121,108
DA:122,108
DA:123,109
DA:124,109
DA:125,109
DA:127,109
DA:130,108
DA:131,127
DA:132,127
DA:133,127
DA:134,0
DA:135,0
DA:136,0
DA:137,0
DA:138,0
DA:140,128
DA:141,127
DA:142,108
DA:143,46
LH:70
LF:85
end_of_record
SF:D:\Tundrasoft\TundraLibs\oql\asserts\Expression\assertComplexStringExpression.ts
FN:6,assertSubstrExpression
FN:184,assertReplaceExpression
FN:297,assertPadExpression
FNDA:13,assertSubstrExpression
FNDA:7,assertReplaceExpression
FNDA:7,assertPadExpression
FNF:3
FNH:3
BRDA:17,1,0,12
BRDA:17,1,1,1
BRDA:21,1,2,12
BRDA:25,1,3,1
BRDA:29,1,4,11
BRDA:36,1,5,1
BRDA:43,1,6,10
BRDA:45,1,7,2
BRDA:47,1,8,1
BRDA:50,1,9,8
BRDA:53,1,10,8
BRDA:54,1,11,8
BRDA:55,1,12,1
BRDA:60,1,13,7
BRDA:65,1,14,1
BRDA:70,1,15,6
BRDA:72,1,16,0
BRDA:77,1,17,6
BRDA:80,1,18,1
BRDA:80,1,19,1
BRDA:85,1,20,5
BRDA:87,1,21,1
BRDA:90,1,22,0
BRDA:98,1,23,5
BRDA:101,1,24,1
BRDA:106,1,25,4
BRDA:108,1,26,0
BRDA:113,1,27,4
BRDA:117,1,28,0
BRDA:117,1,29,0
BRDA:118,1,30,0
BRDA:123,1,31,4
BRDA:125,1,32,0
BRDA:125,1,33,0
BRDA:136,1,34,4
BRDA:139,1,35,3
BRDA:139,1,36,3
BRDA:139,1,37,3
BRDA:142,1,38,0
BRDA:142,1,39,0
BRDA:144,1,40,0
BRDA:151,1,41,0
BRDA:151,1,42,0
BRDA:163,1,43,4
BRDA:171,1,44,0
BRDA:195,4,0,0
BRDA:203,4,1,0
BRDA:214,4,2,0
BRDA:223,4,3,0
BRDA:233,4,4,0
BRDA:243,4,5,17
BRDA:244,4,6,2
BRDA:249,4,7,15
BRDA:251,4,8,0
BRDA:256,4,9,15
BRDA:259,4,10,2
BRDA:259,4,11,2
BRDA:264,4,12,13
BRDA:266,4,13,1
BRDA:269,4,14,0
BRDA:278,4,15,3
BRDA:284,4,16,0
BRDA:308,7,0,0
BRDA:316,7,1,3
BRDA:316,7,2,0
BRDA:327,7,3,0
BRDA:336,7,4,0
BRDA:346,7,5,0
BRDA:356,7,6,0
BRDA:363,7,7,0
BRDA:371,7,8,0
BRDA:371,7,9,0
BRDA:378,7,10,2
BRDA:381,7,11,0
BRDA:392,7,12,1
BRDA:397,7,13,6
BRDA:399,7,14,0
BRDA:404,7,15,6
BRDA:408,7,16,0
BRDA:408,7,17,0
BRDA:410,7,18,0
BRDA:415,7,19,6
BRDA:417,7,20,0
BRDA:417,7,21,0
BRDA:428,7,22,6
BRDA:431,7,23,2
BRDA:431,7,24,2
BRDA:431,7,25,2
BRDA:433,7,26,0
BRDA:433,7,27,0
BRDA:440,7,28,0
BRDA:452,7,29,6
BRDA:459,7,30,0
BRF:93
BRH:51
DA:1,2
DA:6,2
DA:7,2
DA:8,2
DA:17,15
DA:18,16
DA:19,16
DA:21,16
DA:23,27
DA:25,15
DA:26,16
DA:27,16
DA:29,16
DA:31,104
DA:32,26
DA:33,26
DA:36,15
DA:37,16
DA:38,16
DA:39,16
DA:40,16
DA:41,16
DA:43,16
DA:45,15
DA:46,17
DA:47,17
DA:48,17
DA:50,17
DA:52,15
DA:53,15
DA:54,15
DA:55,15
DA:56,16
DA:57,16
DA:58,16
DA:60,16
DA:62,22
DA:65,15
DA:66,16
DA:67,16
DA:68,16
DA:70,16
DA:72,0
DA:73,0
DA:74,0
DA:75,0
DA:77,0
DA:79,21
DA:80,15
DA:81,16
DA:82,16
DA:83,16
DA:85,16
DA:87,15
DA:88,16
DA:89,16
DA:90,0
DA:91,0
DA:92,0
DA:93,0
DA:94,0
DA:95,0
DA:97,0
DA:98,16
DA:101,15
DA:102,16
DA:103,16
DA:104,16
DA:106,16
DA:108,0
DA:109,0
DA:110,0
DA:111,0
DA:113,0
DA:115,19
DA:116,0
DA:117,0
DA:118,0
DA:119,0
DA:120,0
DA:121,0
DA:123,0
DA:125,0
DA:126,0
DA:127,0
DA:128,0
DA:129,0
DA:130,0
DA:131,0
DA:132,0
DA:133,0
DA:135,0
DA:136,0
DA:139,15
DA:140,18
DA:141,0
DA:142,0
DA:143,0
DA:144,0
DA:145,0
DA:146,0
DA:147,0
DA:149,0
DA:151,0
DA:152,0
DA:153,0
DA:154,0
DA:155,0
DA:156,0
DA:157,0
DA:158,0
DA:159,0
DA:161,0
DA:162,0
DA:163,18
DA:166,95
DA:167,19
DA:168,19
DA:171,0
DA:172,0
DA:173,0
DA:174,0
DA:175,0
DA:176,0
DA:178,0
DA:179,15
DA:184,2
DA:185,2
DA:186,2
DA:195,0
DA:196,0
DA:197,0
DA:199,0
DA:201,9
DA:203,0
DA:204,0
DA:205,0
DA:207,0
DA:209,36
DA:210,9
DA:211,9
DA:214,0
DA:215,0
DA:216,0
DA:217,0
DA:218,0
DA:219,0
DA:221,0
DA:223,0
DA:224,0
DA:225,0
DA:226,0
DA:228,0
DA:230,0
DA:231,0
DA:232,0
DA:233,0
DA:234,0
DA:235,0
DA:236,0
DA:238,0
DA:240,9
DA:241,45
DA:243,9
DA:244,26
DA:245,28
DA:246,28
DA:247,28
DA:249,28
DA:251,0
DA:252,0
DA:253,0
DA:254,0
DA:256,0
DA:258,41
DA:259,26
DA:260,28
DA:261,28
DA:262,28
DA:264,28
DA:266,26
DA:267,27
DA:268,27
DA:269,0
DA:270,0
DA:271,0
DA:272,0
DA:273,0
DA:274,0
DA:276,0
DA:277,27
DA:278,26
DA:280,12
DA:281,12
DA:284,0
DA:285,0
DA:286,0
DA:287,0
DA:288,0
DA:289,0
DA:291,0
DA:292,9
DA:297,2
DA:298,2
DA:299,2
DA:308,0
DA:309,0
DA:310,0
DA:312,0
DA:314,9
DA:316,0
DA:317,0
DA:318,0
DA:320,0
DA:322,36
DA:323,9
DA:324,9
DA:327,0
DA:328,0
DA:329,0
DA:330,0
DA:331,0
DA:332,0
DA:334,0
DA:336,0
DA:337,0
DA:338,0
DA:339,0
DA:341,0
DA:343,0
DA:344,0
DA:345,0
DA:346,0
DA:347,0
DA:348,0
DA:349,0
DA:351,0
DA:353,9
DA:356,0
DA:357,0
DA:358,0
DA:359,0
DA:361,0
DA:363,0
DA:364,0
DA:365,0
DA:366,0
DA:368,0
DA:370,9
DA:371,0
DA:372,0
DA:373,0
DA:374,0
DA:376,0
DA:378,9
DA:379,11
DA:380,11
DA:381,0
DA:382,0
DA:383,0
DA:384,0
DA:385,0
DA:386,0
DA:388,0
DA:389,11
DA:392,9
DA:393,10
DA:394,10
DA:395,10
DA:397,10
DA:399,0
DA:400,0
DA:401,0
DA:402,0
DA:404,0
DA:406,15
DA:407,0
DA:408,0
DA:409,0
DA:410,0
DA:411,0
DA:412,0
DA:413,0
DA:415,0
DA:417,0
DA:418,0
DA:419,0
DA:420,0
DA:421,0
DA:422,0
DA:423,0
DA:424,0
DA:425,0
DA:427,0
DA:428,0
DA:431,9
DA:432,11
DA:433,0
DA:434,0
DA:435,0
DA:436,0
DA:438,0
DA:440,0
DA:441,0
DA:442,0
DA:443,0
DA:444,0
DA:445,0
DA:446,0
DA:447,0
DA:448,0
DA:450,0
DA:451,0
DA:452,11
DA:454,75
DA:455,15
DA:456,15
DA:459,0
DA:460,0
DA:461,0
DA:462,0
DA:463,0
DA:464,0
DA:466,0
DA:467,9
LH:120
LF:325
end_of_record
SF:D:\Tundrasoft\TundraLibs\oql\asserts\Expression\assertDateExpression.ts
FN:15,assertDateAddExpression
FN:194,assertDateDiffExpression
FNDA:17,assertDateAddExpression
FNDA:5,assertDateDiffExpression
FNF:2
FNH:2
BRDA:26,1,0,16
BRDA:26,1,1,1
BRDA:30,1,2,16
BRDA:34,1,3,1
BRDA:38,1,4,15
BRDA:45,1,5,1
BRDA:52,1,6,14
BRDA:55,1,7,1
BRDA:60,1,8,13
BRDA:62,1,9,0
BRDA:66,1,10,13
BRDA:68,1,11,1
BRDA:75,1,12,12
BRDA:78,1,13,2
BRDA:80,1,14,1
BRDA:83,1,15,10
BRDA:86,1,16,10
BRDA:87,1,17,10
BRDA:88,1,18,1
BRDA:93,1,19,9
BRDA:98,1,20,1
BRDA:103,1,21,8
BRDA:105,1,22,0
BRDA:110,1,23,8
BRDA:114,1,24,6
BRDA:115,1,25,0
BRDA:117,1,26,0
BRDA:122,1,27,8
BRDA:124,1,28,2
BRDA:124,1,29,2
BRDA:127,1,30,0
BRDA:135,1,31,8
BRDA:138,1,32,1
BRDA:143,1,33,7
BRDA:145,1,34,0
BRDA:150,1,35,7
BRDA:154,1,36,1
BRDA:154,1,37,0
BRDA:156,1,38,0
BRDA:161,1,39,7
BRDA:163,1,40,1
BRDA:163,1,41,1
BRDA:166,1,42,0
BRDA:174,1,43,7
BRDA:181,1,44,0
BRDA:205,4,0,0
BRDA:213,4,1,0
BRDA:224,4,2,0
BRDA:234,4,3,0
BRDA:241,4,4,0
BRDA:247,4,5,0
BRDA:257,4,6,0
BRDA:267,4,7,0
BRDA:277,4,8,9
BRDA:278,4,9,2
BRDA:283,4,10,7
BRDA:285,4,11,0
BRDA:290,4,12,7
BRDA:294,4,13,5
BRDA:295,4,14,0
BRDA:297,4,15,0
BRDA:302,4,16,7
BRDA:304,4,17,2
BRDA:304,4,18,2
BRDA:307,4,19,0
BRDA:316,4,20,3
BRDA:323,4,21,0
BRF:67
BRH:44
DA:1,2
DA:3,2
DA:4,2
DA:5,2
DA:6,2
DA:7,2
DA:8,2
DA:9,2
DA:10,2
DA:15,2
DA:16,2
DA:17,2
DA:26,19
DA:27,20
DA:28,20
DA:30,20
DA:32,35
DA:34,19
DA:35,20
DA:36,20
DA:38,20
DA:40,170
DA:41,34
DA:42,34
DA:45,19
DA:46,20
DA:47,20
DA:48,20
DA:49,20
DA:50,20
DA:52,20
DA:55,19
DA:56,20
DA:57,20
DA:58,20
DA:60,20
DA:62,0
DA:63,0
DA:64,0
DA:66,0
DA:68,19
DA:69,20
DA:70,20
DA:71,20
DA:72,20
DA:73,20
DA:75,20
DA:78,19
DA:79,21
DA:80,21
DA:81,21
DA:83,21
DA:85,19
DA:86,19
DA:87,19
DA:88,19
DA:89,20
DA:90,20
DA:91,20
DA:93,20
DA:95,28
DA:98,19
DA:99,20
DA:100,20
DA:101,20
DA:103,20
DA:105,0
DA:106,0
DA:107,0
DA:108,0
DA:110,0
DA:112,27
DA:113,0
DA:114,0
DA:115,0
DA:116,0
DA:117,0
DA:118,0
DA:119,0
DA:120,0
DA:122,0
DA:124,19
DA:125,21
DA:126,21
DA:127,0
DA:128,0
DA:129,0
DA:130,0
DA:131,0
DA:132,0
DA:134,0
DA:135,21
DA:138,19
DA:139,20
DA:140,20
DA:141,20
DA:143,20
DA:145,0
DA:146,0
DA:147,0
DA:148,0
DA:150,0
DA:152,26
DA:153,0
DA:154,0
DA:155,0
DA:156,0
DA:157,0
DA:158,0
DA:159,0
DA:161,0
DA:163,19
DA:164,20
DA:165,20
DA:166,0
DA:167,0
DA:168,0
DA:169,0
DA:170,0
DA:171,0
DA:173,0
DA:174,20
DA:176,104
DA:177,26
DA:178,26
DA:181,0
DA:182,0
DA:183,0
DA:184,0
DA:185,0
DA:186,0
DA:188,0
DA:189,19
DA:194,2
DA:195,2
DA:196,2
DA:205,0
DA:206,0
DA:207,0
DA:209,0
DA:211,7
DA:213,0
DA:214,0
DA:215,0
DA:217,0
DA:219,35
DA:220,7
DA:221,7
DA:224,0
DA:225,0
DA:226,0
DA:227,0
DA:228,0
DA:229,0
DA:231,0
DA:234,0
DA:235,0
DA:236,0
DA:237,0
DA:239,0
DA:241,0
DA:242,0
DA:243,0
DA:245,0
DA:247,0
DA:248,0
DA:249,0
DA:250,0
DA:251,0
DA:252,0
DA:254,0
DA:257,0
DA:258,0
DA:259,0
DA:260,0
DA:262,0
DA:264,0
DA:265,0
DA:266,0
DA:267,0
DA:268,0
DA:269,0
DA:270,0
DA:272,0
DA:274,7
DA:277,28
DA:278,16
DA:279,18
DA:280,18
DA:281,18
DA:283,18
DA:285,0
DA:286,0
DA:287,0
DA:288,0
DA:290,0
DA:292,23
DA:293,0
DA:294,0
DA:295,0
DA:296,0
DA:297,0
DA:298,0
DA:299,0
DA:300,0
DA:302,0
DA:304,16
DA:305,18
DA:306,18
DA:307,0
DA:308,0
DA:309,0
DA:310,0
DA:311,0
DA:312,0
DA:314,0
DA:315,18
DA:316,16
DA:318,40
DA:319,10
DA:320,10
DA:323,0
DA:324,0
DA:325,0
DA:326,0
DA:327,0
DA:328,0
DA:330,0
DA:331,7
LH:105
LF:229
end_of_record
SF:D:\Tundrasoft\TundraLibs\oql\asserts\Expression\assertExpression.ts
FN:40,assertExpression
FNDA:65,assertExpression
FNF:1
FNH:1
BRDA:44,1,0,63
BRDA:44,1,1,3
BRDA:48,1,2,62
BRDA:53,1,3,1
BRDA:57,1,4,61
BRDA:59,1,5,1
BRDA:63,1,6,60
BRDA:70,1,7,12
BRDA:73,1,8,48
BRDA:76,1,9,6
BRDA:79,1,10,42
BRDA:82,1,11,2
BRDA:85,1,12,40
BRDA:92,1,13,14
BRDA:95,1,14,26
BRDA:98,1,15,1
BRDA:101,1,16,25
BRDA:103,1,17,1
BRDA:106,1,18,52
BRDA:106,1,19,24
BRDA:108,1,20,23
BRDA:108,1,21,2
BRDA:111,1,22,22
BRDA:123,1,23,6
BRDA:126,1,24,16
BRDA:129,1,25,1
BRDA:132,1,26,15
BRDA:134,1,27,1
BRDA:137,1,28,14
BRDA:140,1,29,1
BRDA:143,1,30,13
BRDA:145,1,31,1
BRDA:148,1,32,12
BRDA:150,1,33,1
BRDA:153,1,34,11
BRDA:156,1,35,21
BRDA:156,1,36,3
BRDA:159,1,37,8
BRDA:163,1,38,7
BRDA:166,1,39,10
BRDA:168,1,40,1
BRDA:168,1,41,1
BRDA:169,1,42,0
BRF:43
BRH:42
DA:1,2
DA:2,2
DA:3,2
DA:4,2
DA:5,2
DA:6,2
DA:7,2
DA:8,2
DA:9,2
DA:10,2
DA:11,2
DA:12,2
DA:13,2
DA:14,2
DA:15,2
DA:16,2
DA:17,2
DA:18,2
DA:19,2
DA:20,2
DA:40,2
DA:41,2
DA:42,2
DA:44,67
DA:45,70
DA:46,70
DA:48,70
DA:50,129
DA:53,67
DA:54,68
DA:55,68
DA:57,68
DA:59,67
DA:60,68
DA:61,68
DA:63,68
DA:66,127
DA:68,127
DA:70,829
DA:71,79
DA:72,79
DA:73,79
DA:76,872
DA:77,73
DA:78,73
DA:79,73
DA:82,67
DA:83,69
DA:84,69
DA:85,69
DA:88,107
DA:89,923
DA:90,67
DA:92,67
DA:93,81
DA:94,81
DA:95,81
DA:98,67
DA:99,68
DA:100,68
DA:101,68
DA:103,67
DA:104,68
DA:105,68
DA:106,68
DA:108,67
DA:109,69
DA:110,69
DA:111,69
DA:114,89
DA:115,89
DA:116,89
DA:117,89
DA:118,89
DA:119,89
DA:120,89
DA:121,89
DA:122,67
DA:123,67
DA:124,73
DA:125,73
DA:126,73
DA:129,67
DA:130,68
DA:131,68
DA:132,68
DA:134,67
DA:135,68
DA:136,68
DA:137,68
DA:140,67
DA:141,68
DA:142,68
DA:143,68
DA:145,67
DA:146,68
DA:147,68
DA:148,68
DA:150,67
DA:151,68
DA:152,68
DA:153,68
DA:156,379
DA:157,91
DA:158,91
DA:159,91
DA:162,67
DA:163,67
DA:164,67
DA:166,67
DA:168,77
DA:169,0
DA:170,0
DA:171,0
DA:172,78
DA:173,77
DA:174,77
DA:175,67
LH:115
LF:118
end_of_record
SF:D:\Tundrasoft\TundraLibs\oql\asserts\Expression\assertNoArgsExpression.ts
FN:6,assertNoArgsExpression
FNDA:18,assertNoArgsExpression
FNF:1
FNH:1
BRDA:18,1,0,17
BRDA:18,1,1,2
BRDA:22,1,2,16
BRDA:35,1,3,1
BRDA:40,1,4,15
BRDA:48,1,5,3
BRDA:50,1,6,2
BRF:7
BRH:7
DA:6,2
DA:7,2
DA:8,2
DA:18,20
DA:19,22
DA:20,22
DA:22,22
DA:24,36
DA:26,36
DA:27,36
DA:28,36
DA:29,36
DA:30,36
DA:31,36
DA:32,36
DA:33,36
DA:35,20
DA:36,21
DA:37,21
DA:38,21
DA:40,21
DA:43,105
DA:44,35
DA:45,35
DA:48,20
DA:49,23
DA:50,23
DA:51,23
DA:52,23
DA:53,23
DA:55,23
DA:56,20
LH:32
LF:32
end_of_record
SF:D:\Tundrasoft\TundraLibs\oql\asserts\Expression\assertPowerExpression.ts
FN:21,assertPowerExpression
FNDA:24,assertPowerExpression
FNF:1
FNH:1
BRDA:31,1,0,23
BRDA:31,1,1,2
BRDA:35,1,2,22
BRDA:40,1,3,1
BRDA:44,1,4,21
BRDA:52,1,5,1
BRDA:59,1,6,20
BRDA:62,1,7,2
BRDA:64,1,8,1
BRDA:67,1,9,18
BRDA:69,1,10,0
BRDA:74,1,11,18
BRDA:78,1,12,17
BRDA:79,1,13,2
BRDA:84,1,14,16
BRDA:89,1,15,1
BRDA:94,1,16,15
BRDA:96,1,17,0
BRDA:101,1,18,15
BRDA:105,1,19,6
BRDA:106,1,20,5
BRDA:107,1,21,2
BRDA:109,1,22,1
BRDA:114,1,23,14
BRDA:116,1,24,3
BRDA:119,1,25,1
BRDA:123,1,26,0
BRDA:127,1,27,13
BRDA:130,1,28,2
BRDA:135,1,29,11
BRDA:137,1,30,0
BRDA:142,1,31,11
BRDA:146,1,32,5
BRDA:147,1,33,4
BRDA:148,1,34,1
BRDA:150,1,35,1
BRDA:155,1,36,10
BRDA:157,1,37,3
BRDA:160,1,38,1
BRDA:164,1,39,0
BRDA:168,1,40,9
BRDA:176,1,41,1
BRF:42
BRH:37
DA:1,2
DA:21,2
DA:22,2
DA:23,2
DA:31,26
DA:32,28
DA:33,28
DA:35,28
DA:37,48
DA:40,26
DA:41,27
DA:42,27
DA:44,27
DA:47,188
DA:48,47
DA:49,47
DA:52,26
DA:53,27
DA:54,27
DA:55,27
DA:56,27
DA:57,27
DA:59,27
DA:62,26
DA:63,28
DA:64,28
DA:65,28
DA:67,28
DA:69,0
DA:70,0
DA:71,0
DA:72,0
DA:74,0
DA:77,26
DA:78,26
DA:79,26
DA:80,28
DA:81,28
DA:82,28
DA:84,28
DA:86,42
DA:89,26
DA:90,27
DA:91,27
DA:92,27
DA:94,27
DA:96,0
DA:97,0
DA:98,0
DA:99,0
DA:101,0
DA:103,41
DA:104,26
DA:105,26
DA:106,26
DA:107,26
DA:108,26
DA:109,26
DA:110,27
DA:111,27
DA:112,27
DA:114,27
DA:116,26
DA:117,29
DA:118,29
DA:119,29
DA:120,0
DA:121,0
DA:122,0
DA:123,0
DA:124,0
DA:126,30
DA:127,29
DA:130,26
DA:131,28
DA:132,28
DA:133,28
DA:135,28
DA:137,0
DA:138,0
DA:139,0
DA:140,0
DA:142,0
DA:144,37
DA:145,26
DA:146,26
DA:147,26
DA:148,26
DA:149,26
DA:150,26
DA:151,27
DA:152,27
DA:153,27
DA:155,27
DA:157,26
DA:158,29
DA:159,29
DA:160,29
DA:161,0
DA:162,0
DA:163,0
DA:164,0
DA:165,0
DA:167,30
DA:168,29
DA:171,140
DA:172,35
DA:173,35
DA:176,26
DA:177,27
DA:178,27
DA:179,27
DA:180,27
DA:181,27
DA:183,27
DA:184,26
LH:91
LF:116
end_of_record
SF:D:\Tundrasoft\TundraLibs\oql\asserts\Expression\assertUnaryMathExpression.ts
FN:21,assertUnaryMathExpression
FNDA:31,assertUnaryMathExpression
FNF:1
FNH:1
BRDA:28,1,0,30
BRDA:28,1,1,2
BRDA:32,1,2,29
BRDA:38,1,3,1
BRDA:45,1,4,28
BRDA:53,1,5,1
BRDA:60,1,6,27
BRDA:63,1,7,2
BRDA:65,1,8,1
BRDA:68,1,9,25
BRDA:70,1,10,0
BRDA:75,1,11,25
BRDA:78,1,12,1
BRDA:83,1,13,24
BRDA:86,1,14,2
BRDA:91,1,15,22
BRDA:95,1,16,0
BRDA:100,1,17,22
BRDA:106,1,18,10
BRDA:107,1,19,9
BRDA:108,1,20,2
BRDA:110,1,21,1
BRDA:115,1,22,21
BRDA:118,1,23,7
BRDA:121,1,24,1
BRDA:125,1,25,0
BRF:26
BRH:23
DA:1,2
DA:21,2
DA:22,2
DA:23,2
DA:28,33
DA:29,35
DA:30,35
DA:32,35
DA:34,62
DA:37,496
DA:38,33
DA:39,34
DA:40,34
DA:41,34
DA:42,34
DA:43,34
DA:45,34
DA:48,244
DA:49,61
DA:50,61
DA:53,33
DA:54,34
DA:55,34
DA:56,34
DA:57,34
DA:58,34
DA:60,34
DA:63,33
DA:64,35
DA:65,35
DA:66,35
DA:68,35
DA:70,0
DA:71,0
DA:72,0
DA:73,0
DA:75,0
DA:78,33
DA:79,34
DA:80,34
DA:81,34
DA:83,34
DA:86,33
DA:87,35
DA:88,35
DA:89,35
DA:91,35
DA:93,55
DA:95,0
DA:96,0
DA:97,0
DA:98,0
DA:100,0
DA:102,55
DA:105,33
DA:106,33
DA:107,33
DA:108,33
DA:109,33
DA:110,33
DA:111,34
DA:112,34
DA:113,34
DA:115,34
DA:118,33
DA:119,40
DA:120,40
DA:121,40
DA:122,0
DA:123,0
DA:124,0
DA:125,0
DA:126,0
DA:128,41
DA:129,40
DA:130,33
LH:61
LF:76
end_of_record
SF:D:\Tundrasoft\TundraLibs\oql\asserts\Expression\assertUtilityExpression.ts
FN:6,assertCoalesceExpression
FN:106,assertNullIfExpression
FN:207,assertCastExpression
FN:348,assertCryptoExpression
FNDA:11,assertCoalesceExpression
FNDA:7,assertNullIfExpression
FNDA:11,assertCastExpression
FNDA:12,assertCryptoExpression
FNF:4
FNH:4
BRDA:13,1,0,10
BRDA:13,1,1,1
BRDA:17,1,2,10
BRDA:21,1,3,1
BRDA:25,1,4,9
BRDA:32,1,5,1
BRDA:39,1,6,8
BRDA:41,1,7,2
BRDA:43,1,8,1
BRDA:46,1,9,6
BRDA:48,1,10,1
BRDA:52,1,11,5
BRDA:54,1,12,1
BRDA:59,1,13,4
BRDA:61,1,14,10
BRDA:65,1,15,0
BRDA:75,1,16,1
BRDA:76,1,17,1
BRDA:77,1,18,1
BRDA:78,1,19,1
BRDA:79,1,20,0
BRDA:81,1,21,0
BRDA:88,1,22,9
BRDA:88,1,23,7
BRDA:91,1,24,0
BRDA:100,1,25,4
BRDA:116,3,0,0
BRDA:124,3,1,0
BRDA:135,3,2,0
BRDA:144,3,3,0
BRDA:151,3,4,0
BRDA:157,3,5,2
BRDA:162,3,6,5
BRDA:164,3,7,9
BRDA:167,3,8,7
BRDA:167,3,9,2
BRDA:172,3,10,7
BRDA:177,3,11,2
BRDA:178,3,12,0
BRDA:179,3,13,0
BRDA:180,3,14,0
BRDA:182,3,15,0
BRDA:187,3,16,7
BRDA:189,3,17,5
BRDA:189,3,18,3
BRDA:192,3,19,0
BRDA:201,3,20,3
BRDA:217,5,0,0
BRDA:225,5,1,0
BRDA:236,5,2,0
BRDA:245,5,3,1
BRDA:250,5,4,10
BRDA:253,5,5,10
BRDA:254,5,6,10
BRDA:255,5,7,1
BRDA:259,5,8,9
BRDA:264,5,9,1
BRDA:269,5,10,8
BRDA:271,5,11,0
BRDA:276,5,12,8
BRDA:280,5,13,4
BRDA:281,5,14,1
BRDA:282,5,15,0
BRDA:283,5,16,0
BRDA:285,5,17,0
BRDA:290,5,18,8
BRDA:292,5,19,4
BRDA:292,5,20,1
BRDA:295,5,21,0
BRDA:303,5,22,8
BRDA:306,5,23,1
BRDA:311,5,24,7
BRDA:313,5,25,0
BRDA:318,5,26,7
BRDA:321,5,27,1
BRDA:328,5,28,6
BRDA:335,5,29,0
BRDA:355,8,0,0
BRDA:364,8,1,0
BRDA:378,8,2,0
BRDA:387,8,3,1
BRDA:392,8,4,11
BRDA:394,8,5,1
BRDA:398,8,6,10
BRDA:400,8,7,1
BRDA:405,8,8,9
BRDA:410,8,9,0
BRDA:420,8,10,0
BRDA:421,8,11,0
BRDA:422,8,12,0
BRDA:423,8,13,0
BRDA:425,8,14,0
BRDA:432,8,15,3
BRDA:435,8,16,0
BRF:94
BRH:60
DA:1,2
DA:6,2
DA:7,2
DA:8,2
DA:13,13
DA:14,14
DA:15,14
DA:17,14
DA:19,23
DA:21,13
DA:22,14
DA:23,14
DA:25,14
DA:27,88
DA:28,22
DA:29,22
DA:32,13
DA:33,14
DA:34,14
DA:35,14
DA:36,14
DA:37,14
DA:39,14
DA:41,13
DA:42,15
DA:43,15
DA:44,15
DA:46,15
DA:48,13
DA:49,14
DA:50,14
DA:52,14
DA:54,13
DA:55,14
DA:56,14
DA:57,14
DA:59,14
DA:61,13
DA:62,23
DA:65,0
DA:66,0
DA:67,0
DA:68,0
DA:70,0
DA:72,23
DA:74,0
DA:75,0
DA:76,0
DA:77,0
DA:78,0
DA:79,0
DA:80,0
DA:81,0
DA:82,0
DA:83,0
DA:84,0
DA:86,0
DA:88,23
DA:89,30
DA:90,30
DA:91,0
DA:92,0
DA:93,0
DA:94,0
DA:95,0
DA:96,0
DA:98,0
DA:99,30
DA:100,23
DA:101,13
DA:106,2
DA:107,2
DA:108,2
DA:116,0
DA:117,0
DA:118,0
DA:120,0
DA:122,9
DA:124,0
DA:125,0
DA:126,0
DA:128,0
DA:130,36
DA:131,9
DA:132,9
DA:135,0
DA:136,0
DA:137,0
DA:138,0
DA:139,0
DA:140,0
DA:142,0
DA:144,0
DA:145,0
DA:146,0
DA:147,0
DA:149,0
DA:151,0
DA:152,0
DA:153,0
DA:155,0
DA:157,9
DA:158,11
DA:159,11
DA:160,11
DA:162,11
DA:164,9
DA:165,18
DA:167,18
DA:168,20
DA:169,20
DA:170,20
DA:172,20
DA:174,25
DA:176,0
DA:177,0
DA:178,0
DA:179,0
DA:180,0
DA:181,0
DA:182,0
DA:183,0
DA:184,0
DA:185,0
DA:187,0
DA:189,18
DA:190,21
DA:191,21
DA:192,0
DA:193,0
DA:194,0
DA:195,0
DA:196,0
DA:197,0
DA:199,0
DA:200,21
DA:201,18
DA:202,9
DA:207,2
DA:208,2
DA:209,2
DA:217,0
DA:218,0
DA:219,0
DA:221,0
DA:223,13
DA:225,0
DA:226,0
DA:227,0
DA:229,0
DA:231,52
DA:232,13
DA:233,13
DA:236,0
DA:237,0
DA:238,0
DA:239,0
DA:240,0
DA:241,0
DA:243,0
DA:245,13
DA:246,14
DA:247,14
DA:248,14
DA:250,14
DA:252,13
DA:253,13
DA:254,13
DA:255,13
DA:256,14
DA:257,14
DA:259,14
DA:261,22
DA:264,13
DA:265,14
DA:266,14
DA:267,14
DA:269,14
DA:271,0
DA:272,0
DA:273,0
DA:274,0
DA:276,0
DA:278,21
DA:279,0
DA:280,0
DA:281,0
DA:282,0
DA:283,0
DA:284,0
DA:285,0
DA:286,0
DA:287,0
DA:288,0
DA:290,0
DA:292,13
DA:293,14
DA:294,14
DA:295,0
DA:296,0
DA:297,0
DA:298,0
DA:299,0
DA:300,0
DA:302,0
DA:303,14
DA:306,13
DA:307,14
DA:308,14
DA:309,14
DA:311,14
DA:313,0
DA:314,0
DA:315,0
DA:316,0
DA:318,0
DA:320,140
DA:321,13
DA:322,14
DA:323,14
DA:324,14
DA:325,14
DA:326,14
DA:328,14
DA:330,76
DA:331,19
DA:332,19
DA:335,0
DA:336,0
DA:337,0
DA:338,0
DA:339,0
DA:340,0
DA:342,0
DA:343,13
DA:348,2
DA:349,2
DA:350,2
DA:355,0
DA:356,0
DA:357,0
DA:359,0
DA:361,14
DA:363,70
DA:364,0
DA:365,0
DA:366,0
DA:367,0
DA:368,0
DA:369,0
DA:371,0
DA:373,56
DA:374,14
DA:375,14
DA:378,0
DA:379,0
DA:380,0
DA:381,0
DA:382,0
DA:383,0
DA:385,0
DA:387,14
DA:388,15
DA:389,15
DA:390,15
DA:392,15
DA:394,14
DA:395,15
DA:396,15
DA:398,15
DA:400,14
DA:401,15
DA:402,15
DA:403,15
DA:405,15
DA:407,23
DA:408,23
DA:410,0
DA:411,0
DA:412,0
DA:413,0
DA:415,0
DA:417,23
DA:419,0
DA:420,0
DA:421,0
DA:422,0
DA:423,0
DA:424,0
DA:425,0
DA:426,0
DA:427,0
DA:428,0
DA:430,0
DA:432,23
DA:433,26
DA:434,26
DA:435,0
DA:436,0
DA:437,0
DA:438,0
DA:439,0
DA:440,0
DA:442,0
DA:443,26
DA:444,23
DA:445,14
LH:150
LF:307
end_of_record
SF:D:\Tundrasoft\TundraLibs\oql\asserts\Expression\assertVariadicStringExpression.ts
FN:12,assertVariadicStringExpression
FNDA:43,assertVariadicStringExpression
FNF:1
FNH:1
BRDA:19,1,0,42
BRDA:19,1,1,2
BRDA:23,1,2,41
BRDA:36,1,3,1
BRDA:43,1,4,40
BRDA:50,1,5,1
BRDA:57,1,6,39
BRDA:59,1,7,2
BRDA:61,1,8,1
BRDA:64,1,9,37
BRDA:66,1,10,0
BRDA:71,1,11,37
BRDA:73,1,12,1
BRDA:78,1,13,36
BRDA:80,1,14,2
BRDA:85,1,15,34
BRDA:89,1,16,23
BRDA:89,1,17,2
BRDA:94,1,18,32
BRDA:96,1,19,45
BRDA:99,1,20,0
BRDA:108,1,21,2
BRDA:108,1,22,2
BRDA:113,1,23,43
BRDA:117,1,24,21
BRDA:120,1,25,1
BRDA:124,1,26,0
BRDA:131,1,27,29
BRF:28
BRH:25
DA:1,2
DA:12,2
DA:13,2
DA:14,2
DA:19,45
DA:20,47
DA:21,47
DA:23,47
DA:25,86
DA:27,86
DA:28,86
DA:29,86
DA:30,86
DA:31,86
DA:32,86
DA:33,86
DA:34,86
DA:35,86
DA:36,45
DA:37,46
DA:38,46
DA:39,46
DA:40,46
DA:41,46
DA:43,46
DA:45,340
DA:46,85
DA:47,85
DA:50,45
DA:51,46
DA:52,46
DA:53,46
DA:54,46
DA:55,46
DA:57,46
DA:59,45
DA:60,47
DA:61,47
DA:62,47
DA:64,47
DA:66,0
DA:67,0
DA:68,0
DA:69,0
DA:71,0
DA:73,45
DA:74,46
DA:75,46
DA:76,46
DA:78,46
DA:80,45
DA:81,47
DA:82,47
DA:83,47
DA:85,47
DA:88,632
DA:89,45
DA:90,47
DA:91,47
DA:92,47
DA:94,47
DA:96,45
DA:97,90
DA:99,0
DA:100,0
DA:101,0
DA:102,0
DA:104,0
DA:106,90
DA:108,90
DA:109,92
DA:110,92
DA:111,92
DA:113,92
DA:115,133
DA:117,133
DA:118,154
DA:119,154
DA:120,154
DA:121,0
DA:122,0
DA:123,0
DA:124,0
DA:125,0
DA:127,155
DA:128,154
DA:130,133
DA:131,90
DA:132,45
LH:74
LF:89
end_of_record
SF:D:\Tundrasoft\TundraLibs\oql\asserts\Expression\mod.ts
FNF:0
FNH:0
BRF:0
BRH:0
DA:1,1
DA:2,1
DA:3,1
DA:4,1
DA:5,1
DA:6,1
DA:7,1
DA:8,1
DA:9,1
DA:10,1
DA:11,1
DA:12,1
DA:13,1
DA:14,1
DA:15,1
DA:16,1
DA:17,1
DA:18,1
DA:19,1
DA:20,1
DA:21,1
LH:21
LF:21
end_of_record
